2023-07-21 02:04:43,820 - mmseg - INFO - Environment info:
------------------------------------------------------------
sys.platform: linux
Python: 3.7.13 (default, Mar 29 2022, 02:18:16) [GCC 7.5.0]
CUDA available: True
GPU 0,1: NVIDIA GeForce GTX 1080 Ti
CUDA_HOME: /usr/local/cuda-10.2
NVCC: Cuda compilation tools, release 10.2, V10.2.89
GCC: gcc (Ubuntu 5.4.0-6ubuntu1~16.04.12) 5.4.0 20160609
PyTorch: 1.10.1+cu102
PyTorch compiling details: PyTorch built with:
  - GCC 7.3
  - C++ Version: 201402
  - Intel(R) Math Kernel Library Version 2020.0.0 Product Build 20191122 for Intel(R) 64 architecture applications
  - Intel(R) MKL-DNN v2.2.3 (Git Hash 7336ca9f055cf1bfa13efb658fe15dc9b41f0740)
  - OpenMP 201511 (a.k.a. OpenMP 4.5)
  - LAPACK is enabled (usually provided by MKL)
  - NNPACK is enabled
  - CPU capability usage: AVX2
  - CUDA Runtime 10.2
  - NVCC architecture flags: -gencode;arch=compute_37,code=sm_37;-gencode;arch=compute_50,code=sm_50;-gencode;arch=compute_60,code=sm_60;-gencode;arch=compute_70,code=sm_70
  - CuDNN 7.6.5
  - Magma 2.5.2
  - Build settings: BLAS_INFO=mkl, BUILD_TYPE=Release, CUDA_VERSION=10.2, CUDNN_VERSION=7.6.5, CXX_COMPILER=/opt/rh/devtoolset-7/root/usr/bin/c++, CXX_FLAGS= -Wno-deprecated -fvisibility-inlines-hidden -DUSE_PTHREADPOOL -fopenmp -DNDEBUG -DUSE_KINETO -DUSE_FBGEMM -DUSE_QNNPACK -DUSE_PYTORCH_QNNPACK -DUSE_XNNPACK -DSYMBOLICATE_MOBILE_DEBUG_HANDLE -DEDGE_PROFILER_USE_KINETO -O2 -fPIC -Wno-narrowing -Wall -Wextra -Werror=return-type -Wno-missing-field-initializers -Wno-type-limits -Wno-array-bounds -Wno-unknown-pragmas -Wno-sign-compare -Wno-unused-parameter -Wno-unused-variable -Wno-unused-function -Wno-unused-result -Wno-unused-local-typedefs -Wno-strict-overflow -Wno-strict-aliasing -Wno-error=deprecated-declarations -Wno-stringop-overflow -Wno-psabi -Wno-error=pedantic -Wno-error=redundant-decls -Wno-error=old-style-cast -fdiagnostics-color=always -faligned-new -Wno-unused-but-set-variable -Wno-maybe-uninitialized -fno-math-errno -fno-trapping-math -Werror=format -Wno-stringop-overflow, LAPACK_INFO=mkl, PERF_WITH_AVX=1, PERF_WITH_AVX2=1, PERF_WITH_AVX512=1, TORCH_VERSION=1.10.1, USE_CUDA=ON, USE_CUDNN=ON, USE_EXCEPTION_PTR=1, USE_GFLAGS=OFF, USE_GLOG=OFF, USE_MKL=ON, USE_MKLDNN=ON, USE_MPI=OFF, USE_NCCL=ON, USE_NNPACK=ON, USE_OPENMP=ON, 

TorchVision: 0.11.2+cu102
OpenCV: 4.6.0
MMCV: 1.4.4
MMCV Compiler: GCC 5.4
MMCV CUDA Compiler: not available
MMSegmentation: 0.24.1+a3491ee
------------------------------------------------------------

2023-07-21 02:04:43,820 - mmseg - INFO - Distributed training: True
2023-07-21 02:04:44,723 - mmseg - INFO - Config:
norm_cfg = dict(type='SyncBN', requires_grad=True)
img_size = 512
in_channels = 2048
out_indices = [11]
model = dict(
    type='FewSegViT',
    pretrained='/media/data/ziqin/pretrained/resnet/resnet50-19c8e357.pth',
    context_length=77,
    backbone=dict(
        type='LoRAResNet',
        layers=[3, 4, 6, 3],
        style='pytorch',
        pretrained='/media/data/ziqin/pretrained/resnet/resnet50-19c8e357.pth'
    ),
    decode_head=dict(
        type='ATMSingleHeadSeg',
        img_size=512,
        in_channels=2048,
        channels=512,
        num_classes=21,
        num_layers=3,
        num_heads=8,
        use_stages=1,
        embed_dims=512,
        loss_decode=dict(
            type='SegLossPlus',
            num_classes=21,
            dec_layers=3,
            loss_weight=1.0,
            mask_weight=20.0,
            dice_weight=1.0),
        seen_idx=[
            0, 1, 2, 3, 4, 5, 6, 7, 8, 9, 10, 11, 12, 13, 14, 15, 16, 17, 18,
            19, 20
        ],
        all_idx=[
            0, 1, 2, 3, 4, 5, 6, 7, 8, 9, 10, 11, 12, 13, 14, 15, 16, 17, 18,
            19, 20
        ],
        use_proj=True),
    train_cfg=dict(),
    test_cfg=dict(mode='slide', crop_size=(512, 512), stride=(426, 426)),
    base_class=[
        0, 1, 2, 3, 4, 5, 6, 7, 8, 9, 10, 11, 12, 13, 14, 15, 16, 17, 18, 19,
        20
    ],
    novel_class=[],
    both_class=[
        0, 1, 2, 3, 4, 5, 6, 7, 8, 9, 10, 11, 12, 13, 14, 15, 16, 17, 18, 19,
        20
    ],
    split=0,
    shot=1,
    supp_dir=None,
    supp_path=None,
    ft_backbone=False,
    exclude_key='lora')
dataset_type = 'ZeroPascalVOCDataset21'
data_root = '/media/data/ziqin/data_fss/VOC2012'
img_norm_cfg = dict(
    mean=[123.675, 116.28, 103.53], std=[58.395, 57.12, 57.375], to_rgb=True)
crop_size = (512, 512)
split = 0
train_pipeline = [
    dict(type='LoadImageFromFile'),
    dict(type='LoadAnnotations', reduce_zero_label=False),
    dict(type='Resize', img_scale=(2048, 512), ratio_range=(0.5, 2.0)),
    dict(type='RandomCrop', crop_size=(512, 512), cat_max_ratio=0.75),
    dict(type='RandomFlip', prob=0.5),
    dict(type='PhotoMetricDistortion'),
    dict(
        type='Normalize',
        mean=[123.675, 116.28, 103.53],
        std=[58.395, 57.12, 57.375],
        to_rgb=True),
    dict(type='Pad', size=(512, 512), pad_val=0, seg_pad_val=255),
    dict(type='DefaultFormatBundle'),
    dict(type='Collect', keys=['img', 'gt_semantic_seg'])
]
test_pipeline = [
    dict(type='LoadImageFromFile'),
    dict(
        type='MultiScaleFlipAug',
        img_scale=(2048, 512),
        flip=False,
        transforms=[
            dict(type='Resize', keep_ratio=True, min_size=512),
            dict(type='RandomFlip'),
            dict(
                type='Normalize',
                mean=[123.675, 116.28, 103.53],
                std=[58.395, 57.12, 57.375],
                to_rgb=True),
            dict(type='ImageToTensor', keys=['img']),
            dict(type='Collect', keys=['img'])
        ])
]
data = dict(
    samples_per_gpu=2,
    workers_per_gpu=2,
    train=dict(
        type='ZeroPascalVOCDataset21',
        data_root='/media/data/ziqin/data_fss/VOC2012',
        img_dir='JPEGImages',
        ann_dir='Annotations',
        split='ImageSets/ShotSegmentation/train.txt',
        pipeline=[
            dict(type='LoadImageFromFile'),
            dict(type='LoadAnnotations', reduce_zero_label=False),
            dict(type='Resize', img_scale=(2048, 512), ratio_range=(0.5, 2.0)),
            dict(type='RandomCrop', crop_size=(512, 512), cat_max_ratio=0.75),
            dict(type='RandomFlip', prob=0.5),
            dict(type='PhotoMetricDistortion'),
            dict(
                type='Normalize',
                mean=[123.675, 116.28, 103.53],
                std=[58.395, 57.12, 57.375],
                to_rgb=True),
            dict(type='Pad', size=(512, 512), pad_val=0, seg_pad_val=255),
            dict(type='DefaultFormatBundle'),
            dict(type='Collect', keys=['img', 'gt_semantic_seg'])
        ]),
    val=dict(
        type='ZeroPascalVOCDataset21',
        data_root='/media/data/ziqin/data_fss/VOC2012',
        img_dir='JPEGImages',
        ann_dir='Annotations',
        split='ImageSets/ShotSegmentation/val.txt',
        pipeline=[
            dict(type='LoadImageFromFile'),
            dict(
                type='MultiScaleFlipAug',
                img_scale=(2048, 512),
                flip=False,
                transforms=[
                    dict(type='Resize', keep_ratio=True, min_size=512),
                    dict(type='RandomFlip'),
                    dict(
                        type='Normalize',
                        mean=[123.675, 116.28, 103.53],
                        std=[58.395, 57.12, 57.375],
                        to_rgb=True),
                    dict(type='ImageToTensor', keys=['img']),
                    dict(type='Collect', keys=['img'])
                ])
        ]),
    test=dict(
        type='ZeroPascalVOCDataset21',
        data_root='/media/data/ziqin/data_fss/VOC2012',
        img_dir='JPEGImages',
        ann_dir='Annotations',
        split='ImageSets/ShotSegmentation/val.txt',
        pipeline=[
            dict(type='LoadImageFromFile'),
            dict(
                type='MultiScaleFlipAug',
                img_scale=(2048, 512),
                flip=False,
                transforms=[
                    dict(type='Resize', keep_ratio=True, min_size=512),
                    dict(type='RandomFlip'),
                    dict(
                        type='Normalize',
                        mean=[123.675, 116.28, 103.53],
                        std=[58.395, 57.12, 57.375],
                        to_rgb=True),
                    dict(type='ImageToTensor', keys=['img']),
                    dict(type='Collect', keys=['img'])
                ])
        ]))
log_config = dict(
    interval=50, hooks=[dict(type='TextLoggerHook', by_epoch=False)])
dist_params = dict(backend='nccl')
log_level = 'INFO'
load_from = None
resume_from = None
workflow = [('train', 1)]
cudnn_benchmark = True
find_unused_parameters = True
optimizer = dict(
    type='AdamW',
    lr=2e-05,
    weight_decay=0.01,
    paramwise_cfg=dict(
        custom_keys=dict(
            backbone=dict(lr_mult=1.0),
            norm=dict(decay_mult=0.0),
            ln=dict(decay_mult=0.0),
            head=dict(lr_mult=1.0))))
optimizer_config = dict()
lr_config = dict(
    policy='poly',
    power=0.9,
    min_lr=1e-06,
    by_epoch=False,
    warmup='linear',
    warmup_iters=1500,
    warmup_ratio=1e-06)
runner = dict(type='IterBasedRunner', max_iters=10000)
checkpoint_config = dict(by_epoch=False, interval=5000)
evaluation = dict(interval=10001, metric='mIoU')
channels = 512
base_class = [
    0, 1, 2, 3, 4, 5, 6, 7, 8, 9, 10, 11, 12, 13, 14, 15, 16, 17, 18, 19, 20
]
novel_class = []
both_class = [
    0, 1, 2, 3, 4, 5, 6, 7, 8, 9, 10, 11, 12, 13, 14, 15, 16, 17, 18, 19, 20
]
num_classes = 21
pretrained = '/media/data/ziqin/pretrained/resnet/resnet50-19c8e357.pth'
work_dir = './work_dirs/voc_rn50'
gpu_ids = range(0, 1)

2023-07-21 02:04:44,737 - mmseg - INFO - Loaded 10582 images
2023-07-21 02:04:45,129 - mmseg - INFO - #Params: 41613096
2023-07-21 02:04:45,359 - mmseg - INFO - FewSegViT(
  (backbone): LoRAResNet(
    (conv1): Conv2d(3, 64, kernel_size=(7, 7), stride=(2, 2), padding=(3, 3), bias=False)
    (bn1): SyncBatchNorm(64, eps=1e-05, momentum=0.1, affine=True, track_running_stats=True)
    (relu1): ReLU(inplace=True)
    (maxpool): MaxPool2d(kernel_size=3, stride=2, padding=1, dilation=1, ceil_mode=False)
    (layer1): Sequential(
      (0): LoRABottleneck(
        (conv1): Conv2d(64, 64, kernel_size=(1, 1), stride=(1, 1), bias=False)
        (bn1): SyncBatchNorm(64, eps=1e-05, momentum=0.1, affine=True, track_running_stats=True)
        (conv2): Conv2d(64, 64, kernel_size=(3, 3), stride=(1, 1), padding=(1, 1), bias=False)
        (bn2): SyncBatchNorm(64, eps=1e-05, momentum=0.1, affine=True, track_running_stats=True)
        (conv3): Conv2d(64, 256, kernel_size=(1, 1), stride=(1, 1), bias=False)
        (bn3): SyncBatchNorm(256, eps=1e-05, momentum=0.1, affine=True, track_running_stats=True)
        (relu): ReLU(inplace=True)
        (downsample): Sequential(
          (0): Conv2d(64, 256, kernel_size=(1, 1), stride=(1, 1), bias=False)
          (1): SyncBatchNorm(256, eps=1e-05, momentum=0.1, affine=True, track_running_stats=True)
        )
        (lora_down_1): Conv2d(64, 4, kernel_size=(1, 1), stride=(1, 1), bias=False)
        (lora_up_1): Conv2d(4, 64, kernel_size=(1, 1), stride=(1, 1), bias=False)
        (lora_down_2): Conv2d(64, 4, kernel_size=(3, 3), stride=(1, 1), padding=(1, 1), bias=False)
        (lora_up_2): Conv2d(4, 64, kernel_size=(1, 1), stride=(1, 1), bias=False)
        (lora_down_3): Conv2d(64, 4, kernel_size=(1, 1), stride=(1, 1), bias=False)
        (lora_up_3): Conv2d(4, 256, kernel_size=(1, 1), stride=(1, 1), bias=False)
        (dropout): Dropout(p=0.1, inplace=False)
        (selector): Identity()
      )
      (1): LoRABottleneck(
        (conv1): Conv2d(256, 64, kernel_size=(1, 1), stride=(1, 1), bias=False)
        (bn1): SyncBatchNorm(64, eps=1e-05, momentum=0.1, affine=True, track_running_stats=True)
        (conv2): Conv2d(64, 64, kernel_size=(3, 3), stride=(1, 1), padding=(1, 1), bias=False)
        (bn2): SyncBatchNorm(64, eps=1e-05, momentum=0.1, affine=True, track_running_stats=True)
        (conv3): Conv2d(64, 256, kernel_size=(1, 1), stride=(1, 1), bias=False)
        (bn3): SyncBatchNorm(256, eps=1e-05, momentum=0.1, affine=True, track_running_stats=True)
        (relu): ReLU(inplace=True)
        (lora_down_1): Conv2d(256, 4, kernel_size=(1, 1), stride=(1, 1), bias=False)
        (lora_up_1): Conv2d(4, 64, kernel_size=(1, 1), stride=(1, 1), bias=False)
        (lora_down_2): Conv2d(64, 4, kernel_size=(3, 3), stride=(1, 1), padding=(1, 1), bias=False)
        (lora_up_2): Conv2d(4, 64, kernel_size=(1, 1), stride=(1, 1), bias=False)
        (lora_down_3): Conv2d(64, 4, kernel_size=(1, 1), stride=(1, 1), bias=False)
        (lora_up_3): Conv2d(4, 256, kernel_size=(1, 1), stride=(1, 1), bias=False)
        (dropout): Dropout(p=0.1, inplace=False)
        (selector): Identity()
      )
      (2): LoRABottleneck(
        (conv1): Conv2d(256, 64, kernel_size=(1, 1), stride=(1, 1), bias=False)
        (bn1): SyncBatchNorm(64, eps=1e-05, momentum=0.1, affine=True, track_running_stats=True)
        (conv2): Conv2d(64, 64, kernel_size=(3, 3), stride=(1, 1), padding=(1, 1), bias=False)
        (bn2): SyncBatchNorm(64, eps=1e-05, momentum=0.1, affine=True, track_running_stats=True)
        (conv3): Conv2d(64, 256, kernel_size=(1, 1), stride=(1, 1), bias=False)
        (bn3): SyncBatchNorm(256, eps=1e-05, momentum=0.1, affine=True, track_running_stats=True)
        (relu): ReLU(inplace=True)
        (lora_down_1): Conv2d(256, 4, kernel_size=(1, 1), stride=(1, 1), bias=False)
        (lora_up_1): Conv2d(4, 64, kernel_size=(1, 1), stride=(1, 1), bias=False)
        (lora_down_2): Conv2d(64, 4, kernel_size=(3, 3), stride=(1, 1), padding=(1, 1), bias=False)
        (lora_up_2): Conv2d(4, 64, kernel_size=(1, 1), stride=(1, 1), bias=False)
        (lora_down_3): Conv2d(64, 4, kernel_size=(1, 1), stride=(1, 1), bias=False)
        (lora_up_3): Conv2d(4, 256, kernel_size=(1, 1), stride=(1, 1), bias=False)
        (dropout): Dropout(p=0.1, inplace=False)
        (selector): Identity()
      )
    )
    (layer2): Sequential(
      (0): LoRABottleneck(
        (conv1): Conv2d(256, 128, kernel_size=(1, 1), stride=(1, 1), bias=False)
        (bn1): SyncBatchNorm(128, eps=1e-05, momentum=0.1, affine=True, track_running_stats=True)
        (conv2): Conv2d(128, 128, kernel_size=(3, 3), stride=(2, 2), padding=(1, 1), bias=False)
        (bn2): SyncBatchNorm(128, eps=1e-05, momentum=0.1, affine=True, track_running_stats=True)
        (conv3): Conv2d(128, 512, kernel_size=(1, 1), stride=(1, 1), bias=False)
        (bn3): SyncBatchNorm(512, eps=1e-05, momentum=0.1, affine=True, track_running_stats=True)
        (relu): ReLU(inplace=True)
        (downsample): Sequential(
          (0): Conv2d(256, 512, kernel_size=(1, 1), stride=(2, 2), bias=False)
          (1): SyncBatchNorm(512, eps=1e-05, momentum=0.1, affine=True, track_running_stats=True)
        )
        (lora_down_1): Conv2d(256, 4, kernel_size=(1, 1), stride=(1, 1), bias=False)
        (lora_up_1): Conv2d(4, 128, kernel_size=(1, 1), stride=(1, 1), bias=False)
        (lora_down_2): Conv2d(128, 4, kernel_size=(3, 3), stride=(2, 2), padding=(1, 1), bias=False)
        (lora_up_2): Conv2d(4, 128, kernel_size=(1, 1), stride=(1, 1), bias=False)
        (lora_down_3): Conv2d(128, 4, kernel_size=(1, 1), stride=(1, 1), bias=False)
        (lora_up_3): Conv2d(4, 512, kernel_size=(1, 1), stride=(1, 1), bias=False)
        (dropout): Dropout(p=0.1, inplace=False)
        (selector): Identity()
      )
      (1): LoRABottleneck(
        (conv1): Conv2d(512, 128, kernel_size=(1, 1), stride=(1, 1), bias=False)
        (bn1): SyncBatchNorm(128, eps=1e-05, momentum=0.1, affine=True, track_running_stats=True)
        (conv2): Conv2d(128, 128, kernel_size=(3, 3), stride=(1, 1), padding=(1, 1), bias=False)
        (bn2): SyncBatchNorm(128, eps=1e-05, momentum=0.1, affine=True, track_running_stats=True)
        (conv3): Conv2d(128, 512, kernel_size=(1, 1), stride=(1, 1), bias=False)
        (bn3): SyncBatchNorm(512, eps=1e-05, momentum=0.1, affine=True, track_running_stats=True)
        (relu): ReLU(inplace=True)
        (lora_down_1): Conv2d(512, 4, kernel_size=(1, 1), stride=(1, 1), bias=False)
        (lora_up_1): Conv2d(4, 128, kernel_size=(1, 1), stride=(1, 1), bias=False)
        (lora_down_2): Conv2d(128, 4, kernel_size=(3, 3), stride=(1, 1), padding=(1, 1), bias=False)
        (lora_up_2): Conv2d(4, 128, kernel_size=(1, 1), stride=(1, 1), bias=False)
        (lora_down_3): Conv2d(128, 4, kernel_size=(1, 1), stride=(1, 1), bias=False)
        (lora_up_3): Conv2d(4, 512, kernel_size=(1, 1), stride=(1, 1), bias=False)
        (dropout): Dropout(p=0.1, inplace=False)
        (selector): Identity()
      )
      (2): LoRABottleneck(
        (conv1): Conv2d(512, 128, kernel_size=(1, 1), stride=(1, 1), bias=False)
        (bn1): SyncBatchNorm(128, eps=1e-05, momentum=0.1, affine=True, track_running_stats=True)
        (conv2): Conv2d(128, 128, kernel_size=(3, 3), stride=(1, 1), padding=(1, 1), bias=False)
        (bn2): SyncBatchNorm(128, eps=1e-05, momentum=0.1, affine=True, track_running_stats=True)
        (conv3): Conv2d(128, 512, kernel_size=(1, 1), stride=(1, 1), bias=False)
        (bn3): SyncBatchNorm(512, eps=1e-05, momentum=0.1, affine=True, track_running_stats=True)
        (relu): ReLU(inplace=True)
        (lora_down_1): Conv2d(512, 4, kernel_size=(1, 1), stride=(1, 1), bias=False)
        (lora_up_1): Conv2d(4, 128, kernel_size=(1, 1), stride=(1, 1), bias=False)
        (lora_down_2): Conv2d(128, 4, kernel_size=(3, 3), stride=(1, 1), padding=(1, 1), bias=False)
        (lora_up_2): Conv2d(4, 128, kernel_size=(1, 1), stride=(1, 1), bias=False)
        (lora_down_3): Conv2d(128, 4, kernel_size=(1, 1), stride=(1, 1), bias=False)
        (lora_up_3): Conv2d(4, 512, kernel_size=(1, 1), stride=(1, 1), bias=False)
        (dropout): Dropout(p=0.1, inplace=False)
        (selector): Identity()
      )
      (3): LoRABottleneck(
        (conv1): Conv2d(512, 128, kernel_size=(1, 1), stride=(1, 1), bias=False)
        (bn1): SyncBatchNorm(128, eps=1e-05, momentum=0.1, affine=True, track_running_stats=True)
        (conv2): Conv2d(128, 128, kernel_size=(3, 3), stride=(1, 1), padding=(1, 1), bias=False)
        (bn2): SyncBatchNorm(128, eps=1e-05, momentum=0.1, affine=True, track_running_stats=True)
        (conv3): Conv2d(128, 512, kernel_size=(1, 1), stride=(1, 1), bias=False)
        (bn3): SyncBatchNorm(512, eps=1e-05, momentum=0.1, affine=True, track_running_stats=True)
        (relu): ReLU(inplace=True)
        (lora_down_1): Conv2d(512, 4, kernel_size=(1, 1), stride=(1, 1), bias=False)
        (lora_up_1): Conv2d(4, 128, kernel_size=(1, 1), stride=(1, 1), bias=False)
        (lora_down_2): Conv2d(128, 4, kernel_size=(3, 3), stride=(1, 1), padding=(1, 1), bias=False)
        (lora_up_2): Conv2d(4, 128, kernel_size=(1, 1), stride=(1, 1), bias=False)
        (lora_down_3): Conv2d(128, 4, kernel_size=(1, 1), stride=(1, 1), bias=False)
        (lora_up_3): Conv2d(4, 512, kernel_size=(1, 1), stride=(1, 1), bias=False)
        (dropout): Dropout(p=0.1, inplace=False)
        (selector): Identity()
      )
    )
    (layer3): Sequential(
      (0): LoRABottleneck(
        (conv1): Conv2d(512, 256, kernel_size=(1, 1), stride=(1, 1), bias=False)
        (bn1): SyncBatchNorm(256, eps=1e-05, momentum=0.1, affine=True, track_running_stats=True)
        (conv2): Conv2d(256, 256, kernel_size=(3, 3), stride=(2, 2), padding=(1, 1), bias=False)
        (bn2): SyncBatchNorm(256, eps=1e-05, momentum=0.1, affine=True, track_running_stats=True)
        (conv3): Conv2d(256, 1024, kernel_size=(1, 1), stride=(1, 1), bias=False)
        (bn3): SyncBatchNorm(1024, eps=1e-05, momentum=0.1, affine=True, track_running_stats=True)
        (relu): ReLU(inplace=True)
        (downsample): Sequential(
          (0): Conv2d(512, 1024, kernel_size=(1, 1), stride=(2, 2), bias=False)
          (1): SyncBatchNorm(1024, eps=1e-05, momentum=0.1, affine=True, track_running_stats=True)
        )
        (lora_down_1): Conv2d(512, 4, kernel_size=(1, 1), stride=(1, 1), bias=False)
        (lora_up_1): Conv2d(4, 256, kernel_size=(1, 1), stride=(1, 1), bias=False)
        (lora_down_2): Conv2d(256, 4, kernel_size=(3, 3), stride=(2, 2), padding=(1, 1), bias=False)
        (lora_up_2): Conv2d(4, 256, kernel_size=(1, 1), stride=(1, 1), bias=False)
        (lora_down_3): Conv2d(256, 4, kernel_size=(1, 1), stride=(1, 1), bias=False)
        (lora_up_3): Conv2d(4, 1024, kernel_size=(1, 1), stride=(1, 1), bias=False)
        (dropout): Dropout(p=0.1, inplace=False)
        (selector): Identity()
      )
      (1): LoRABottleneck(
        (conv1): Conv2d(1024, 256, kernel_size=(1, 1), stride=(1, 1), bias=False)
        (bn1): SyncBatchNorm(256, eps=1e-05, momentum=0.1, affine=True, track_running_stats=True)
        (conv2): Conv2d(256, 256, kernel_size=(3, 3), stride=(1, 1), padding=(1, 1), bias=False)
        (bn2): SyncBatchNorm(256, eps=1e-05, momentum=0.1, affine=True, track_running_stats=True)
        (conv3): Conv2d(256, 1024, kernel_size=(1, 1), stride=(1, 1), bias=False)
        (bn3): SyncBatchNorm(1024, eps=1e-05, momentum=0.1, affine=True, track_running_stats=True)
        (relu): ReLU(inplace=True)
        (lora_down_1): Conv2d(1024, 4, kernel_size=(1, 1), stride=(1, 1), bias=False)
        (lora_up_1): Conv2d(4, 256, kernel_size=(1, 1), stride=(1, 1), bias=False)
        (lora_down_2): Conv2d(256, 4, kernel_size=(3, 3), stride=(1, 1), padding=(1, 1), bias=False)
        (lora_up_2): Conv2d(4, 256, kernel_size=(1, 1), stride=(1, 1), bias=False)
        (lora_down_3): Conv2d(256, 4, kernel_size=(1, 1), stride=(1, 1), bias=False)
        (lora_up_3): Conv2d(4, 1024, kernel_size=(1, 1), stride=(1, 1), bias=False)
        (dropout): Dropout(p=0.1, inplace=False)
        (selector): Identity()
      )
      (2): LoRABottleneck(
        (conv1): Conv2d(1024, 256, kernel_size=(1, 1), stride=(1, 1), bias=False)
        (bn1): SyncBatchNorm(256, eps=1e-05, momentum=0.1, affine=True, track_running_stats=True)
        (conv2): Conv2d(256, 256, kernel_size=(3, 3), stride=(1, 1), padding=(1, 1), bias=False)
        (bn2): SyncBatchNorm(256, eps=1e-05, momentum=0.1, affine=True, track_running_stats=True)
        (conv3): Conv2d(256, 1024, kernel_size=(1, 1), stride=(1, 1), bias=False)
        (bn3): SyncBatchNorm(1024, eps=1e-05, momentum=0.1, affine=True, track_running_stats=True)
        (relu): ReLU(inplace=True)
        (lora_down_1): Conv2d(1024, 4, kernel_size=(1, 1), stride=(1, 1), bias=False)
        (lora_up_1): Conv2d(4, 256, kernel_size=(1, 1), stride=(1, 1), bias=False)
        (lora_down_2): Conv2d(256, 4, kernel_size=(3, 3), stride=(1, 1), padding=(1, 1), bias=False)
        (lora_up_2): Conv2d(4, 256, kernel_size=(1, 1), stride=(1, 1), bias=False)
        (lora_down_3): Conv2d(256, 4, kernel_size=(1, 1), stride=(1, 1), bias=False)
        (lora_up_3): Conv2d(4, 1024, kernel_size=(1, 1), stride=(1, 1), bias=False)
        (dropout): Dropout(p=0.1, inplace=False)
        (selector): Identity()
      )
      (3): LoRABottleneck(
        (conv1): Conv2d(1024, 256, kernel_size=(1, 1), stride=(1, 1), bias=False)
        (bn1): SyncBatchNorm(256, eps=1e-05, momentum=0.1, affine=True, track_running_stats=True)
        (conv2): Conv2d(256, 256, kernel_size=(3, 3), stride=(1, 1), padding=(1, 1), bias=False)
        (bn2): SyncBatchNorm(256, eps=1e-05, momentum=0.1, affine=True, track_running_stats=True)
        (conv3): Conv2d(256, 1024, kernel_size=(1, 1), stride=(1, 1), bias=False)
        (bn3): SyncBatchNorm(1024, eps=1e-05, momentum=0.1, affine=True, track_running_stats=True)
        (relu): ReLU(inplace=True)
        (lora_down_1): Conv2d(1024, 4, kernel_size=(1, 1), stride=(1, 1), bias=False)
        (lora_up_1): Conv2d(4, 256, kernel_size=(1, 1), stride=(1, 1), bias=False)
        (lora_down_2): Conv2d(256, 4, kernel_size=(3, 3), stride=(1, 1), padding=(1, 1), bias=False)
        (lora_up_2): Conv2d(4, 256, kernel_size=(1, 1), stride=(1, 1), bias=False)
        (lora_down_3): Conv2d(256, 4, kernel_size=(1, 1), stride=(1, 1), bias=False)
        (lora_up_3): Conv2d(4, 1024, kernel_size=(1, 1), stride=(1, 1), bias=False)
        (dropout): Dropout(p=0.1, inplace=False)
        (selector): Identity()
      )
      (4): LoRABottleneck(
        (conv1): Conv2d(1024, 256, kernel_size=(1, 1), stride=(1, 1), bias=False)
        (bn1): SyncBatchNorm(256, eps=1e-05, momentum=0.1, affine=True, track_running_stats=True)
        (conv2): Conv2d(256, 256, kernel_size=(3, 3), stride=(1, 1), padding=(1, 1), bias=False)
        (bn2): SyncBatchNorm(256, eps=1e-05, momentum=0.1, affine=True, track_running_stats=True)
        (conv3): Conv2d(256, 1024, kernel_size=(1, 1), stride=(1, 1), bias=False)
        (bn3): SyncBatchNorm(1024, eps=1e-05, momentum=0.1, affine=True, track_running_stats=True)
        (relu): ReLU(inplace=True)
        (lora_down_1): Conv2d(1024, 4, kernel_size=(1, 1), stride=(1, 1), bias=False)
        (lora_up_1): Conv2d(4, 256, kernel_size=(1, 1), stride=(1, 1), bias=False)
        (lora_down_2): Conv2d(256, 4, kernel_size=(3, 3), stride=(1, 1), padding=(1, 1), bias=False)
        (lora_up_2): Conv2d(4, 256, kernel_size=(1, 1), stride=(1, 1), bias=False)
        (lora_down_3): Conv2d(256, 4, kernel_size=(1, 1), stride=(1, 1), bias=False)
        (lora_up_3): Conv2d(4, 1024, kernel_size=(1, 1), stride=(1, 1), bias=False)
        (dropout): Dropout(p=0.1, inplace=False)
        (selector): Identity()
      )
      (5): LoRABottleneck(
        (conv1): Conv2d(1024, 256, kernel_size=(1, 1), stride=(1, 1), bias=False)
        (bn1): SyncBatchNorm(256, eps=1e-05, momentum=0.1, affine=True, track_running_stats=True)
        (conv2): Conv2d(256, 256, kernel_size=(3, 3), stride=(1, 1), padding=(1, 1), bias=False)
        (bn2): SyncBatchNorm(256, eps=1e-05, momentum=0.1, affine=True, track_running_stats=True)
        (conv3): Conv2d(256, 1024, kernel_size=(1, 1), stride=(1, 1), bias=False)
        (bn3): SyncBatchNorm(1024, eps=1e-05, momentum=0.1, affine=True, track_running_stats=True)
        (relu): ReLU(inplace=True)
        (lora_down_1): Conv2d(1024, 4, kernel_size=(1, 1), stride=(1, 1), bias=False)
        (lora_up_1): Conv2d(4, 256, kernel_size=(1, 1), stride=(1, 1), bias=False)
        (lora_down_2): Conv2d(256, 4, kernel_size=(3, 3), stride=(1, 1), padding=(1, 1), bias=False)
        (lora_up_2): Conv2d(4, 256, kernel_size=(1, 1), stride=(1, 1), bias=False)
        (lora_down_3): Conv2d(256, 4, kernel_size=(1, 1), stride=(1, 1), bias=False)
        (lora_up_3): Conv2d(4, 1024, kernel_size=(1, 1), stride=(1, 1), bias=False)
        (dropout): Dropout(p=0.1, inplace=False)
        (selector): Identity()
      )
    )
    (layer4): Sequential(
      (0): LoRABottleneck(
        (conv1): Conv2d(1024, 512, kernel_size=(1, 1), stride=(1, 1), bias=False)
        (bn1): SyncBatchNorm(512, eps=1e-05, momentum=0.1, affine=True, track_running_stats=True)
        (conv2): Conv2d(512, 512, kernel_size=(3, 3), stride=(2, 2), padding=(1, 1), bias=False)
        (bn2): SyncBatchNorm(512, eps=1e-05, momentum=0.1, affine=True, track_running_stats=True)
        (conv3): Conv2d(512, 2048, kernel_size=(1, 1), stride=(1, 1), bias=False)
        (bn3): SyncBatchNorm(2048, eps=1e-05, momentum=0.1, affine=True, track_running_stats=True)
        (relu): ReLU(inplace=True)
        (downsample): Sequential(
          (0): Conv2d(1024, 2048, kernel_size=(1, 1), stride=(2, 2), bias=False)
          (1): SyncBatchNorm(2048, eps=1e-05, momentum=0.1, affine=True, track_running_stats=True)
        )
        (lora_down_1): Conv2d(1024, 4, kernel_size=(1, 1), stride=(1, 1), bias=False)
        (lora_up_1): Conv2d(4, 512, kernel_size=(1, 1), stride=(1, 1), bias=False)
        (lora_down_2): Conv2d(512, 4, kernel_size=(3, 3), stride=(2, 2), padding=(1, 1), bias=False)
        (lora_up_2): Conv2d(4, 512, kernel_size=(1, 1), stride=(1, 1), bias=False)
        (lora_down_3): Conv2d(512, 4, kernel_size=(1, 1), stride=(1, 1), bias=False)
        (lora_up_3): Conv2d(4, 2048, kernel_size=(1, 1), stride=(1, 1), bias=False)
        (dropout): Dropout(p=0.1, inplace=False)
        (selector): Identity()
      )
      (1): LoRABottleneck(
        (conv1): Conv2d(2048, 512, kernel_size=(1, 1), stride=(1, 1), bias=False)
        (bn1): SyncBatchNorm(512, eps=1e-05, momentum=0.1, affine=True, track_running_stats=True)
        (conv2): Conv2d(512, 512, kernel_size=(3, 3), stride=(1, 1), padding=(1, 1), bias=False)
        (bn2): SyncBatchNorm(512, eps=1e-05, momentum=0.1, affine=True, track_running_stats=True)
        (conv3): Conv2d(512, 2048, kernel_size=(1, 1), stride=(1, 1), bias=False)
        (bn3): SyncBatchNorm(2048, eps=1e-05, momentum=0.1, affine=True, track_running_stats=True)
        (relu): ReLU(inplace=True)
        (lora_down_1): Conv2d(2048, 4, kernel_size=(1, 1), stride=(1, 1), bias=False)
        (lora_up_1): Conv2d(4, 512, kernel_size=(1, 1), stride=(1, 1), bias=False)
        (lora_down_2): Conv2d(512, 4, kernel_size=(3, 3), stride=(1, 1), padding=(1, 1), bias=False)
        (lora_up_2): Conv2d(4, 512, kernel_size=(1, 1), stride=(1, 1), bias=False)
        (lora_down_3): Conv2d(512, 4, kernel_size=(1, 1), stride=(1, 1), bias=False)
        (lora_up_3): Conv2d(4, 2048, kernel_size=(1, 1), stride=(1, 1), bias=False)
        (dropout): Dropout(p=0.1, inplace=False)
        (selector): Identity()
      )
      (2): LoRABottleneck(
        (conv1): Conv2d(2048, 512, kernel_size=(1, 1), stride=(1, 1), bias=False)
        (bn1): SyncBatchNorm(512, eps=1e-05, momentum=0.1, affine=True, track_running_stats=True)
        (conv2): Conv2d(512, 512, kernel_size=(3, 3), stride=(1, 1), padding=(1, 1), bias=False)
        (bn2): SyncBatchNorm(512, eps=1e-05, momentum=0.1, affine=True, track_running_stats=True)
        (conv3): Conv2d(512, 2048, kernel_size=(1, 1), stride=(1, 1), bias=False)
        (bn3): SyncBatchNorm(2048, eps=1e-05, momentum=0.1, affine=True, track_running_stats=True)
        (relu): ReLU(inplace=True)
        (lora_down_1): Conv2d(2048, 4, kernel_size=(1, 1), stride=(1, 1), bias=False)
        (lora_up_1): Conv2d(4, 512, kernel_size=(1, 1), stride=(1, 1), bias=False)
        (lora_down_2): Conv2d(512, 4, kernel_size=(3, 3), stride=(1, 1), padding=(1, 1), bias=False)
        (lora_up_2): Conv2d(4, 512, kernel_size=(1, 1), stride=(1, 1), bias=False)
        (lora_down_3): Conv2d(512, 4, kernel_size=(1, 1), stride=(1, 1), bias=False)
        (lora_up_3): Conv2d(4, 2048, kernel_size=(1, 1), stride=(1, 1), bias=False)
        (dropout): Dropout(p=0.1, inplace=False)
        (selector): Identity()
      )
    )
    (avgpool): AvgPool2d(kernel_size=16, stride=1, padding=0)
    (fc): Linear(in_features=2048, out_features=1000, bias=True)
  )
  (decode_head): ATMSingleHeadSeg(
    input_transform=None, ignore_index=255, align_corners=False
    (loss_decode): SegLossPlus(
      (criterion): SegPlusCriterion()
    )
    (dropout): Dropout2d(p=0.1, inplace=False)
    (input_proj_1): Linear(in_features=2048, out_features=512, bias=True)
    (proj_norm_1): LayerNorm((512,), eps=1e-05, elementwise_affine=True)
    (decoder_1): TPN_Decoder(
      (layers): ModuleList(
        (0): TPN_DecoderLayer(
          (self_attn): MultiheadAttention(
            (out_proj): NonDynamicallyQuantizableLinear(in_features=512, out_features=512, bias=True)
          )
          (linear1): Linear(in_features=512, out_features=2048, bias=True)
          (dropout): Dropout(p=0.1, inplace=False)
          (linear2): Linear(in_features=2048, out_features=512, bias=True)
          (norm1): LayerNorm((512,), eps=1e-05, elementwise_affine=True)
          (norm2): LayerNorm((512,), eps=1e-05, elementwise_affine=True)
          (norm3): LayerNorm((512,), eps=1e-05, elementwise_affine=True)
          (dropout1): Dropout(p=0.1, inplace=False)
          (dropout2): Dropout(p=0.1, inplace=False)
          (dropout3): Dropout(p=0.1, inplace=False)
          (multihead_attn): Attention(
            (q): Linear(in_features=512, out_features=512, bias=True)
            (k): Linear(in_features=512, out_features=512, bias=True)
            (v): Linear(in_features=512, out_features=512, bias=True)
            (attn_drop): Dropout(p=0.1, inplace=False)
            (proj): Linear(in_features=512, out_features=512, bias=True)
            (proj_drop): Dropout(p=0.0, inplace=False)
          )
        )
        (1): TPN_DecoderLayer(
          (self_attn): MultiheadAttention(
            (out_proj): NonDynamicallyQuantizableLinear(in_features=512, out_features=512, bias=True)
          )
          (linear1): Linear(in_features=512, out_features=2048, bias=True)
          (dropout): Dropout(p=0.1, inplace=False)
          (linear2): Linear(in_features=2048, out_features=512, bias=True)
          (norm1): LayerNorm((512,), eps=1e-05, elementwise_affine=True)
          (norm2): LayerNorm((512,), eps=1e-05, elementwise_affine=True)
          (norm3): LayerNorm((512,), eps=1e-05, elementwise_affine=True)
          (dropout1): Dropout(p=0.1, inplace=False)
          (dropout2): Dropout(p=0.1, inplace=False)
          (dropout3): Dropout(p=0.1, inplace=False)
          (multihead_attn): Attention(
            (q): Linear(in_features=512, out_features=512, bias=True)
            (k): Linear(in_features=512, out_features=512, bias=True)
            (v): Linear(in_features=512, out_features=512, bias=True)
            (attn_drop): Dropout(p=0.1, inplace=False)
            (proj): Linear(in_features=512, out_features=512, bias=True)
            (proj_drop): Dropout(p=0.0, inplace=False)
          )
        )
        (2): TPN_DecoderLayer(
          (self_attn): MultiheadAttention(
            (out_proj): NonDynamicallyQuantizableLinear(in_features=512, out_features=512, bias=True)
          )
          (linear1): Linear(in_features=512, out_features=2048, bias=True)
          (dropout): Dropout(p=0.1, inplace=False)
          (linear2): Linear(in_features=2048, out_features=512, bias=True)
          (norm1): LayerNorm((512,), eps=1e-05, elementwise_affine=True)
          (norm2): LayerNorm((512,), eps=1e-05, elementwise_affine=True)
          (norm3): LayerNorm((512,), eps=1e-05, elementwise_affine=True)
          (dropout1): Dropout(p=0.1, inplace=False)
          (dropout2): Dropout(p=0.1, inplace=False)
          (dropout3): Dropout(p=0.1, inplace=False)
          (multihead_attn): Attention(
            (q): Linear(in_features=512, out_features=512, bias=True)
            (k): Linear(in_features=512, out_features=512, bias=True)
            (v): Linear(in_features=512, out_features=512, bias=True)
            (attn_drop): Dropout(p=0.1, inplace=False)
            (proj): Linear(in_features=512, out_features=512, bias=True)
            (proj_drop): Dropout(p=0.0, inplace=False)
          )
        )
      )
    )
    (q_proj): Linear(in_features=4096, out_features=512, bias=True)
  )
  init_cfg={'type': 'Normal', 'std': 0.01, 'override': {'name': 'conv_seg'}}
)
2023-07-21 02:04:49,075 - mmseg - INFO - Loaded 1449 images
2023-07-21 02:04:49,076 - mmseg - INFO - Start running, host: ziqin@geovision2, work_dir: /media/data/ziqin/code/FewSegViT/work_dirs/voc_rn50
2023-07-21 02:04:49,076 - mmseg - INFO - Hooks will be executed in the following order:
before_run:
(VERY_HIGH   ) PolyLrUpdaterHook                  
(NORMAL      ) CheckpointHook                     
(LOW         ) DistEvalHook                       
(VERY_LOW    ) TextLoggerHook                     
 -------------------- 
before_train_epoch:
(VERY_HIGH   ) PolyLrUpdaterHook                  
(LOW         ) IterTimerHook                      
(LOW         ) DistEvalHook                       
(VERY_LOW    ) TextLoggerHook                     
 -------------------- 
before_train_iter:
(VERY_HIGH   ) PolyLrUpdaterHook                  
(LOW         ) IterTimerHook                      
(LOW         ) DistEvalHook                       
 -------------------- 
after_train_iter:
(ABOVE_NORMAL) OptimizerHook                      
(NORMAL      ) CheckpointHook                     
(LOW         ) IterTimerHook                      
(LOW         ) DistEvalHook                       
(VERY_LOW    ) TextLoggerHook                     
 -------------------- 
after_train_epoch:
(NORMAL      ) CheckpointHook                     
(LOW         ) DistEvalHook                       
(VERY_LOW    ) TextLoggerHook                     
 -------------------- 
before_val_epoch:
(LOW         ) IterTimerHook                      
(VERY_LOW    ) TextLoggerHook                     
 -------------------- 
before_val_iter:
(LOW         ) IterTimerHook                      
 -------------------- 
after_val_iter:
(LOW         ) IterTimerHook                      
 -------------------- 
after_val_epoch:
(VERY_LOW    ) TextLoggerHook                     
 -------------------- 
after_run:
(VERY_LOW    ) TextLoggerHook                     
 -------------------- 
2023-07-21 02:04:49,077 - mmseg - INFO - workflow: [('train', 1)], max: 10000 iters
2023-07-21 02:04:49,077 - mmseg - INFO - Checkpoints will be saved to /media/data/ziqin/code/FewSegViT/work_dirs/voc_rn50 by HardDiskBackend.
2023-07-21 02:05:40,900 - mmseg - INFO - Iter [50/10000]	lr: 6.506e-07, eta: 2:10:33, time: 0.787, data_time: 0.006, memory: 7340, decode.loss_mask: 21.4869, decode.loss_dice: 0.6280, decode.loss_mask_0: 22.4601, decode.loss_dice_0: 0.6283, decode.loss_mask_1: 21.8720, decode.loss_dice_1: 0.6272, decode.acc_seg: 22.5969, loss: 67.7025
2023-07-21 02:06:16,743 - mmseg - INFO - Iter [100/10000]	lr: 1.309e-06, eta: 2:04:05, time: 0.717, data_time: 0.003, memory: 7340, decode.loss_mask: 14.8461, decode.loss_dice: 0.6406, decode.loss_mask_0: 22.0882, decode.loss_dice_0: 0.6224, decode.loss_mask_1: 16.0933, decode.loss_dice_1: 0.6357, decode.acc_seg: 37.7612, loss: 54.9263
