2023-07-21 16:07:24,030 - mmseg - INFO - Environment info:
------------------------------------------------------------
sys.platform: linux
Python: 3.7.13 (default, Mar 29 2022, 02:18:16) [GCC 7.5.0]
CUDA available: True
GPU 0,1: NVIDIA GeForce GTX 1080 Ti
CUDA_HOME: /usr/local/cuda-10.2
NVCC: Cuda compilation tools, release 10.2, V10.2.89
GCC: gcc (Ubuntu 5.4.0-6ubuntu1~16.04.12) 5.4.0 20160609
PyTorch: 1.10.1+cu102
PyTorch compiling details: PyTorch built with:
  - GCC 7.3
  - C++ Version: 201402
  - Intel(R) Math Kernel Library Version 2020.0.0 Product Build 20191122 for Intel(R) 64 architecture applications
  - Intel(R) MKL-DNN v2.2.3 (Git Hash 7336ca9f055cf1bfa13efb658fe15dc9b41f0740)
  - OpenMP 201511 (a.k.a. OpenMP 4.5)
  - LAPACK is enabled (usually provided by MKL)
  - NNPACK is enabled
  - CPU capability usage: AVX2
  - CUDA Runtime 10.2
  - NVCC architecture flags: -gencode;arch=compute_37,code=sm_37;-gencode;arch=compute_50,code=sm_50;-gencode;arch=compute_60,code=sm_60;-gencode;arch=compute_70,code=sm_70
  - CuDNN 7.6.5
  - Magma 2.5.2
  - Build settings: BLAS_INFO=mkl, BUILD_TYPE=Release, CUDA_VERSION=10.2, CUDNN_VERSION=7.6.5, CXX_COMPILER=/opt/rh/devtoolset-7/root/usr/bin/c++, CXX_FLAGS= -Wno-deprecated -fvisibility-inlines-hidden -DUSE_PTHREADPOOL -fopenmp -DNDEBUG -DUSE_KINETO -DUSE_FBGEMM -DUSE_QNNPACK -DUSE_PYTORCH_QNNPACK -DUSE_XNNPACK -DSYMBOLICATE_MOBILE_DEBUG_HANDLE -DEDGE_PROFILER_USE_KINETO -O2 -fPIC -Wno-narrowing -Wall -Wextra -Werror=return-type -Wno-missing-field-initializers -Wno-type-limits -Wno-array-bounds -Wno-unknown-pragmas -Wno-sign-compare -Wno-unused-parameter -Wno-unused-variable -Wno-unused-function -Wno-unused-result -Wno-unused-local-typedefs -Wno-strict-overflow -Wno-strict-aliasing -Wno-error=deprecated-declarations -Wno-stringop-overflow -Wno-psabi -Wno-error=pedantic -Wno-error=redundant-decls -Wno-error=old-style-cast -fdiagnostics-color=always -faligned-new -Wno-unused-but-set-variable -Wno-maybe-uninitialized -fno-math-errno -fno-trapping-math -Werror=format -Wno-stringop-overflow, LAPACK_INFO=mkl, PERF_WITH_AVX=1, PERF_WITH_AVX2=1, PERF_WITH_AVX512=1, TORCH_VERSION=1.10.1, USE_CUDA=ON, USE_CUDNN=ON, USE_EXCEPTION_PTR=1, USE_GFLAGS=OFF, USE_GLOG=OFF, USE_MKL=ON, USE_MKLDNN=ON, USE_MPI=OFF, USE_NCCL=ON, USE_NNPACK=ON, USE_OPENMP=ON, 

TorchVision: 0.11.2+cu102
OpenCV: 4.6.0
MMCV: 1.4.4
MMCV Compiler: GCC 5.4
MMCV CUDA Compiler: not available
MMSegmentation: 0.24.1+ccf0657
------------------------------------------------------------

2023-07-21 16:07:24,031 - mmseg - INFO - Distributed training: False
2023-07-21 16:07:27,757 - mmseg - INFO - Config:
norm_cfg = dict(type='SyncBN', requires_grad=True)
img_size = 512
in_channels = 768
out_indices = [11]
model = dict(
    type='FewSegViT',
    pretrained='/media/data/ziqin/pretrained/resnet/resnet50-19c8e357.pth',
    context_length=77,
    backbone=dict(
        type='LoRAResNet',
        layers=[3, 4, 6, 3],
        style='pytorch',
        pretrained='/media/data/ziqin/pretrained/resnet/resnet50-19c8e357.pth'
    ),
    decode_head=dict(
        type='ATMSingleHeadSeg',
        img_size=512,
        in_channels=768,
        channels=768,
        num_classes=16,
        num_layers=3,
        num_heads=8,
        use_stages=1,
        embed_dims=768,
        loss_decode=dict(
            type='SegLossPlus',
            num_classes=16,
            dec_layers=3,
            loss_weight=1.0,
            mask_weight=20.0,
            dice_weight=1.0),
        seen_idx=[0, 6, 7, 8, 9, 10, 11, 12, 13, 14, 15, 16, 17, 18, 19, 20],
        all_idx=[
            0, 1, 2, 3, 4, 5, 6, 7, 8, 9, 10, 11, 12, 13, 14, 15, 16, 17, 18,
            19, 20
        ],
        use_proj=False),
    train_cfg=dict(),
    test_cfg=dict(mode='slide', crop_size=(512, 512), stride=(426, 426)),
    base_class=[0, 6, 7, 8, 9, 10, 11, 12, 13, 14, 15, 16, 17, 18, 19, 20],
    novel_class=[1, 2, 3, 4, 5],
    both_class=[
        0, 1, 2, 3, 4, 5, 6, 7, 8, 9, 10, 11, 12, 13, 14, 15, 16, 17, 18, 19,
        20
    ],
    split=0,
    shot=1,
    supp_dir='/media/data/ziqin/data_fss/VOC2012',
    supp_path=
    '/media/data/ziqin/data_fss/VOC2012/ImageSets/FewShotSegmentation/val_supp_split_0_shot_1.txt',
    ft_backbone=False,
    exclude_key='lora')
dataset_type = 'ZeroPascalVOCDataset21'
data_root = '/media/data/ziqin/data_fss/VOC2012'
img_norm_cfg = dict(
    mean=[123.675, 116.28, 103.53], std=[58.395, 57.12, 57.375], to_rgb=True)
crop_size = (512, 512)
split = 0
train_pipeline = [
    dict(type='LoadImageFromFile'),
    dict(type='LoadAnnotations', reduce_zero_label=False),
    dict(type='Resize', img_scale=(2048, 512), ratio_range=(0.5, 2.0)),
    dict(type='RandomCrop', crop_size=(512, 512), cat_max_ratio=0.75),
    dict(type='RandomFlip', prob=0.5),
    dict(type='PhotoMetricDistortion'),
    dict(
        type='Normalize',
        mean=[123.675, 116.28, 103.53],
        std=[58.395, 57.12, 57.375],
        to_rgb=True),
    dict(type='Pad', size=(512, 512), pad_val=0, seg_pad_val=255),
    dict(type='DefaultFormatBundle'),
    dict(type='Collect', keys=['img', 'gt_semantic_seg'])
]
test_pipeline = [
    dict(type='LoadImageFromFile'),
    dict(
        type='MultiScaleFlipAug',
        img_scale=(2048, 512),
        flip=False,
        transforms=[
            dict(type='Resize', keep_ratio=True, min_size=512),
            dict(type='RandomFlip'),
            dict(
                type='Normalize',
                mean=[123.675, 116.28, 103.53],
                std=[58.395, 57.12, 57.375],
                to_rgb=True),
            dict(type='ImageToTensor', keys=['img']),
            dict(type='Collect', keys=['img'])
        ])
]
data = dict(
    samples_per_gpu=2,
    workers_per_gpu=2,
    train=dict(
        type='ZeroPascalVOCDataset21',
        data_root='/media/data/ziqin/data_fss/VOC2012',
        img_dir='JPEGImages',
        ann_dir='Annotations',
        split='ImageSets/FewShotSegmentation/train_split_0.txt',
        pipeline=[
            dict(type='LoadImageFromFile'),
            dict(type='LoadAnnotations', reduce_zero_label=False),
            dict(type='Resize', img_scale=(2048, 512), ratio_range=(0.5, 2.0)),
            dict(type='RandomCrop', crop_size=(512, 512), cat_max_ratio=0.75),
            dict(type='RandomFlip', prob=0.5),
            dict(type='PhotoMetricDistortion'),
            dict(
                type='Normalize',
                mean=[123.675, 116.28, 103.53],
                std=[58.395, 57.12, 57.375],
                to_rgb=True),
            dict(type='Pad', size=(512, 512), pad_val=0, seg_pad_val=255),
            dict(type='DefaultFormatBundle'),
            dict(type='Collect', keys=['img', 'gt_semantic_seg'])
        ]),
    val=dict(
        type='ZeroPascalVOCDataset21',
        data_root='/media/data/ziqin/data_fss/VOC2012',
        img_dir='JPEGImages',
        ann_dir='Annotations',
        split='ImageSets/FewShotSegmentation/val.txt',
        pipeline=[
            dict(type='LoadImageFromFile'),
            dict(
                type='MultiScaleFlipAug',
                img_scale=(2048, 512),
                flip=False,
                transforms=[
                    dict(type='Resize', keep_ratio=True, min_size=512),
                    dict(type='RandomFlip'),
                    dict(
                        type='Normalize',
                        mean=[123.675, 116.28, 103.53],
                        std=[58.395, 57.12, 57.375],
                        to_rgb=True),
                    dict(type='ImageToTensor', keys=['img']),
                    dict(type='Collect', keys=['img'])
                ])
        ]),
    test=dict(
        type='ZeroPascalVOCDataset21',
        data_root='/media/data/ziqin/data_fss/VOC2012',
        img_dir='JPEGImages',
        ann_dir='Annotations',
        split='ImageSets/FewShotSegmentation/val.txt',
        pipeline=[
            dict(type='LoadImageFromFile'),
            dict(
                type='MultiScaleFlipAug',
                img_scale=(2048, 512),
                flip=False,
                transforms=[
                    dict(type='Resize', keep_ratio=True, min_size=512),
                    dict(type='RandomFlip'),
                    dict(
                        type='Normalize',
                        mean=[123.675, 116.28, 103.53],
                        std=[58.395, 57.12, 57.375],
                        to_rgb=True),
                    dict(type='ImageToTensor', keys=['img']),
                    dict(type='Collect', keys=['img'])
                ])
        ]))
log_config = dict(
    interval=50, hooks=[dict(type='TextLoggerHook', by_epoch=False)])
dist_params = dict(backend='nccl')
log_level = 'INFO'
load_from = None
resume_from = None
workflow = [('train', 1)]
cudnn_benchmark = True
find_unused_parameters = True
optimizer = dict(
    type='AdamW',
    lr=2e-05,
    weight_decay=0.01,
    paramwise_cfg=dict(
        custom_keys=dict(
            backbone=dict(lr_mult=1.0),
            norm=dict(decay_mult=0.0),
            ln=dict(decay_mult=0.0),
            head=dict(lr_mult=1.0))))
optimizer_config = dict()
lr_config = dict(
    policy='poly',
    power=0.9,
    min_lr=1e-06,
    by_epoch=False,
    warmup='linear',
    warmup_iters=1500,
    warmup_ratio=1e-06)
runner = dict(type='IterBasedRunner', max_iters=10000)
checkpoint_config = dict(by_epoch=False, interval=5000)
evaluation = dict(interval=10001, metric='mIoU')
base_class = [0, 6, 7, 8, 9, 10, 11, 12, 13, 14, 15, 16, 17, 18, 19, 20]
novel_class = [1, 2, 3, 4, 5]
both_class = [
    0, 1, 2, 3, 4, 5, 6, 7, 8, 9, 10, 11, 12, 13, 14, 15, 16, 17, 18, 19, 20
]
num_classes = 16
eval_supp_dir = '/media/data/ziqin/data_fss/VOC2012'
eval_supp_path = '/media/data/ziqin/data_fss/VOC2012/ImageSets/FewShotSegmentation/val_supp_split_0_shot_1.txt'
pretrained = '/media/data/ziqin/pretrained/resnet/resnet50-19c8e357.pth'
work_dir = './work_dirs/voc_rn'
gpu_ids = range(0, 1)

2023-07-21 16:07:27,774 - mmseg - INFO - Loaded 7746 images
