2023-09-23 15:01:34,258 - mmseg - INFO - Environment info:
------------------------------------------------------------
sys.platform: linux
Python: 3.7.13 (default, Mar 29 2022, 02:18:16) [GCC 7.5.0]
CUDA available: True
GPU 0,1,2,3: NVIDIA GeForce GTX 1080 Ti
CUDA_HOME: /usr/local/cuda-10.2
NVCC: Cuda compilation tools, release 10.2, V10.2.89
GCC: gcc (Ubuntu 5.4.0-6ubuntu1~16.04.12) 5.4.0 20160609
PyTorch: 1.10.1+cu102
PyTorch compiling details: PyTorch built with:
  - GCC 7.3
  - C++ Version: 201402
  - Intel(R) Math Kernel Library Version 2020.0.0 Product Build 20191122 for Intel(R) 64 architecture applications
  - Intel(R) MKL-DNN v2.2.3 (Git Hash 7336ca9f055cf1bfa13efb658fe15dc9b41f0740)
  - OpenMP 201511 (a.k.a. OpenMP 4.5)
  - LAPACK is enabled (usually provided by MKL)
  - NNPACK is enabled
  - CPU capability usage: AVX2
  - CUDA Runtime 10.2
  - NVCC architecture flags: -gencode;arch=compute_37,code=sm_37;-gencode;arch=compute_50,code=sm_50;-gencode;arch=compute_60,code=sm_60;-gencode;arch=compute_70,code=sm_70
  - CuDNN 7.6.5
  - Magma 2.5.2
  - Build settings: BLAS_INFO=mkl, BUILD_TYPE=Release, CUDA_VERSION=10.2, CUDNN_VERSION=7.6.5, CXX_COMPILER=/opt/rh/devtoolset-7/root/usr/bin/c++, CXX_FLAGS= -Wno-deprecated -fvisibility-inlines-hidden -DUSE_PTHREADPOOL -fopenmp -DNDEBUG -DUSE_KINETO -DUSE_FBGEMM -DUSE_QNNPACK -DUSE_PYTORCH_QNNPACK -DUSE_XNNPACK -DSYMBOLICATE_MOBILE_DEBUG_HANDLE -DEDGE_PROFILER_USE_KINETO -O2 -fPIC -Wno-narrowing -Wall -Wextra -Werror=return-type -Wno-missing-field-initializers -Wno-type-limits -Wno-array-bounds -Wno-unknown-pragmas -Wno-sign-compare -Wno-unused-parameter -Wno-unused-variable -Wno-unused-function -Wno-unused-result -Wno-unused-local-typedefs -Wno-strict-overflow -Wno-strict-aliasing -Wno-error=deprecated-declarations -Wno-stringop-overflow -Wno-psabi -Wno-error=pedantic -Wno-error=redundant-decls -Wno-error=old-style-cast -fdiagnostics-color=always -faligned-new -Wno-unused-but-set-variable -Wno-maybe-uninitialized -fno-math-errno -fno-trapping-math -Werror=format -Wno-stringop-overflow, LAPACK_INFO=mkl, PERF_WITH_AVX=1, PERF_WITH_AVX2=1, PERF_WITH_AVX512=1, TORCH_VERSION=1.10.1, USE_CUDA=ON, USE_CUDNN=ON, USE_EXCEPTION_PTR=1, USE_GFLAGS=OFF, USE_GLOG=OFF, USE_MKL=ON, USE_MKLDNN=ON, USE_MPI=OFF, USE_NCCL=ON, USE_NNPACK=ON, USE_OPENMP=ON, 

TorchVision: 0.11.2+cu102
OpenCV: 4.6.0
MMCV: 1.4.4
MMCV Compiler: GCC 5.4
MMCV CUDA Compiler: not available
MMSegmentation: 0.24.1+389012a
------------------------------------------------------------

2023-09-23 15:01:34,258 - mmseg - INFO - Distributed training: False
2023-09-23 15:01:41,644 - mmseg - INFO - Config:
norm_cfg = dict(type='SyncBN', requires_grad=True)
img_size = 512
in_channels = 768
out_indices = [11]
model = dict(
    type='FewSegViT',
    pretrained='/media/data/ziqin/pretrained/B_16.pth',
    context_length=77,
    backbone=dict(
        type='PromptImageNetViT',
        layers=[3, 4, 6, 3],
        style='pytorch',
        out_indices=[11],
        pretrained='/media/data/ziqin/pretrained/B_16.pth',
        num_tokens=50,
        prompt_dim=768,
        total_d_layer=11),
    decode_head=dict(
        type='ATMSingleHeadSeg',
        img_size=512,
        in_channels=768,
        channels=768,
        num_classes=61,
        num_layers=3,
        num_heads=8,
        use_stages=1,
        embed_dims=768,
        loss_decode=dict(
            type='SegLossPlus',
            num_classes=61,
            dec_layers=3,
            loss_weight=1.0,
            mask_weight=20.0,
            dice_weight=1.0),
        seen_idx=[
            0, 2, 3, 4, 6, 7, 8, 10, 11, 12, 14, 15, 16, 18, 19, 20, 22, 23,
            24, 26, 27, 28, 30, 31, 32, 34, 35, 36, 38, 39, 40, 42, 43, 44, 46,
            47, 48, 50, 51, 52, 54, 55, 56, 58, 59, 60, 62, 63, 64, 66, 67, 68,
            70, 71, 72, 74, 75, 76, 78, 79, 80
        ],
        all_idx=[
            0, 1, 2, 3, 4, 5, 6, 7, 8, 9, 10, 11, 12, 13, 14, 15, 16, 17, 18,
            19, 20, 21, 22, 23, 24, 25, 26, 27, 28, 29, 30, 31, 32, 33, 34, 35,
            36, 37, 38, 39, 40, 41, 42, 43, 44, 45, 46, 47, 48, 49, 50, 51, 52,
            53, 54, 55, 56, 57, 58, 59, 60, 61, 62, 63, 64, 65, 66, 67, 68, 69,
            70, 71, 72, 73, 74, 75, 76, 77, 78, 79, 80
        ],
        use_proj=False),
    train_cfg=dict(),
    test_cfg=dict(mode='slide', crop_size=(512, 512), stride=(426, 426)),
    base_class=[
        0, 2, 3, 4, 6, 7, 8, 10, 11, 12, 14, 15, 16, 18, 19, 20, 22, 23, 24,
        26, 27, 28, 30, 31, 32, 34, 35, 36, 38, 39, 40, 42, 43, 44, 46, 47, 48,
        50, 51, 52, 54, 55, 56, 58, 59, 60, 62, 63, 64, 66, 67, 68, 70, 71, 72,
        74, 75, 76, 78, 79, 80
    ],
    novel_class=[
        1, 5, 9, 13, 17, 21, 25, 29, 33, 37, 41, 45, 49, 53, 57, 61, 65, 69,
        73, 77
    ],
    both_class=[
        0, 1, 2, 3, 4, 5, 6, 7, 8, 9, 10, 11, 12, 13, 14, 15, 16, 17, 18, 19,
        20, 21, 22, 23, 24, 25, 26, 27, 28, 29, 30, 31, 32, 33, 34, 35, 36, 37,
        38, 39, 40, 41, 42, 43, 44, 45, 46, 47, 48, 49, 50, 51, 52, 53, 54, 55,
        56, 57, 58, 59, 60, 61, 62, 63, 64, 65, 66, 67, 68, 69, 70, 71, 72, 73,
        74, 75, 76, 77, 78, 79, 80
    ],
    split=0,
    shot=1,
    supp_dir=None,
    supp_path=None,
    ft_backbone=False,
    exclude_key='prompt')
dataset_type = 'ZeroCOCO2014Dataset81'
data_root = '/media/data/ziqin/data_fss/coco2014'
img_norm_cfg = dict(
    mean=[123.675, 116.28, 103.53], std=[58.395, 57.12, 57.375], to_rgb=True)
crop_size = (512, 512)
split = 0
train_pipeline = [
    dict(type='LoadImageFromFile'),
    dict(type='LoadAnnotations', reduce_zero_label=False),
    dict(type='Resize', img_scale=(2048, 512), ratio_range=(0.5, 2.0)),
    dict(type='RandomCrop', crop_size=(512, 512), cat_max_ratio=0.75),
    dict(type='RandomFlip', prob=0.5),
    dict(type='PhotoMetricDistortion'),
    dict(
        type='Normalize',
        mean=[123.675, 116.28, 103.53],
        std=[58.395, 57.12, 57.375],
        to_rgb=True),
    dict(type='Pad', size=(512, 512), pad_val=0, seg_pad_val=255),
    dict(type='DefaultFormatBundle'),
    dict(type='Collect', keys=['img', 'gt_semantic_seg'])
]
test_pipeline = [
    dict(type='LoadImageFromFile'),
    dict(
        type='MultiScaleFlipAug',
        img_scale=(2048, 512),
        flip=False,
        transforms=[
            dict(type='Resize', keep_ratio=True, min_size=512),
            dict(type='RandomFlip'),
            dict(
                type='Normalize',
                mean=[123.675, 116.28, 103.53],
                std=[58.395, 57.12, 57.375],
                to_rgb=True),
            dict(type='ImageToTensor', keys=['img']),
            dict(type='Collect', keys=['img'])
        ])
]
data = dict(
    samples_per_gpu=1,
    workers_per_gpu=1,
    train=dict(
        type='ZeroCOCO2014Dataset81',
        data_root='/media/data/ziqin/data_fss/coco2014',
        img_dir='JPEGImages/train2014',
        ann_dir='Annotations/train_contain_crowd',
        split='ImageSets/FewShotSegmentation/train_split_0.txt',
        pipeline=[
            dict(type='LoadImageFromFile'),
            dict(type='LoadAnnotations', reduce_zero_label=False),
            dict(type='Resize', img_scale=(2048, 512), ratio_range=(0.5, 2.0)),
            dict(type='RandomCrop', crop_size=(512, 512), cat_max_ratio=0.75),
            dict(type='RandomFlip', prob=0.5),
            dict(type='PhotoMetricDistortion'),
            dict(
                type='Normalize',
                mean=[123.675, 116.28, 103.53],
                std=[58.395, 57.12, 57.375],
                to_rgb=True),
            dict(type='Pad', size=(512, 512), pad_val=0, seg_pad_val=255),
            dict(type='DefaultFormatBundle'),
            dict(type='Collect', keys=['img', 'gt_semantic_seg'])
        ]),
    val=dict(
        type='ZeroCOCO2014Dataset81',
        data_root='/media/data/ziqin/data_fss/coco2014',
        img_dir='JPEGImages/val2014',
        ann_dir='Annotations/val_contain_crowd',
        split='ImageSets/FewShotSegmentation/val_list_2000.txt',
        pipeline=[
            dict(type='LoadImageFromFile'),
            dict(
                type='MultiScaleFlipAug',
                img_scale=(2048, 512),
                flip=False,
                transforms=[
                    dict(type='Resize', keep_ratio=True, min_size=512),
                    dict(type='RandomFlip'),
                    dict(
                        type='Normalize',
                        mean=[123.675, 116.28, 103.53],
                        std=[58.395, 57.12, 57.375],
                        to_rgb=True),
                    dict(type='ImageToTensor', keys=['img']),
                    dict(type='Collect', keys=['img'])
                ])
        ]),
    test=dict(
        type='ZeroCOCO2014Dataset81',
        data_root='/media/data/ziqin/data_fss/coco2014',
        img_dir='JPEGImages/val2014',
        ann_dir='Annotations/val_contain_crowd',
        split='ImageSets/FewShotSegmentation/val_list_2000.txt',
        pipeline=[
            dict(type='LoadImageFromFile'),
            dict(
                type='MultiScaleFlipAug',
                img_scale=(2048, 512),
                flip=False,
                transforms=[
                    dict(type='Resize', keep_ratio=True, min_size=512),
                    dict(type='RandomFlip'),
                    dict(
                        type='Normalize',
                        mean=[123.675, 116.28, 103.53],
                        std=[58.395, 57.12, 57.375],
                        to_rgb=True),
                    dict(type='ImageToTensor', keys=['img']),
                    dict(type='Collect', keys=['img'])
                ])
        ]))
log_config = dict(
    interval=50, hooks=[dict(type='TextLoggerHook', by_epoch=False)])
dist_params = dict(backend='nccl')
log_level = 'INFO'
load_from = None
resume_from = None
workflow = [('train', 1)]
cudnn_benchmark = True
find_unused_parameters = True
optimizer = dict(
    type='AdamW',
    lr=2e-05,
    weight_decay=0.01,
    paramwise_cfg=dict(
        custom_keys=dict(
            backbone=dict(lr_mult=10.0),
            norm=dict(decay_mult=0.0),
            ln=dict(decay_mult=0.0),
            head=dict(lr_mult=10.0))))
optimizer_config = dict()
lr_config = dict(
    policy='poly',
    power=0.9,
    min_lr=1e-06,
    by_epoch=False,
    warmup='linear',
    warmup_iters=1500,
    warmup_ratio=1e-06)
runner = dict(type='IterBasedRunner', max_iters=40000)
checkpoint_config = dict(by_epoch=False, interval=10000)
evaluation = dict(interval=40001, metric='mIoU')
base_class = [
    0, 2, 3, 4, 6, 7, 8, 10, 11, 12, 14, 15, 16, 18, 19, 20, 22, 23, 24, 26,
    27, 28, 30, 31, 32, 34, 35, 36, 38, 39, 40, 42, 43, 44, 46, 47, 48, 50, 51,
    52, 54, 55, 56, 58, 59, 60, 62, 63, 64, 66, 67, 68, 70, 71, 72, 74, 75, 76,
    78, 79, 80
]
novel_class = [
    1, 5, 9, 13, 17, 21, 25, 29, 33, 37, 41, 45, 49, 53, 57, 61, 65, 69, 73, 77
]
both_class = [
    0, 1, 2, 3, 4, 5, 6, 7, 8, 9, 10, 11, 12, 13, 14, 15, 16, 17, 18, 19, 20,
    21, 22, 23, 24, 25, 26, 27, 28, 29, 30, 31, 32, 33, 34, 35, 36, 37, 38, 39,
    40, 41, 42, 43, 44, 45, 46, 47, 48, 49, 50, 51, 52, 53, 54, 55, 56, 57, 58,
    59, 60, 61, 62, 63, 64, 65, 66, 67, 68, 69, 70, 71, 72, 73, 74, 75, 76, 77,
    78, 79, 80
]
num_classes = 61
pretrained = '/media/data/ziqin/pretrained/B_16.pth'
eval_supp_dir = '/media/data/ziqin/data_fss/coco2014'
eval_supp_path = '/media/data/ziqin/data_fss/coco2014/ImageSets/FewShotSegmentation/val_supp_split_0_shot_1.txt'
work_dir = './work_dirs/coco/'
gpu_ids = range(0, 1)

2023-09-23 15:01:41,855 - mmseg - INFO - Loaded 22829 images
2023-09-23 15:01:43,520 - mmseg - INFO - #Params: 117023232
2023-09-23 15:01:46,305 - mmseg - INFO - FewSegViT(
  (backbone): PromptImageNetViT(
    (patch_embedding): Conv2d(3, 768, kernel_size=(16, 16), stride=(16, 16))
    (positional_embedding): PositionalEmbedding1D()
    (transformer): Transformer(
      (blocks): ModuleList(
        (0): Block(
          (attn): MultiHeadedSelfAttention(
            (proj_q): Linear(in_features=768, out_features=768, bias=True)
            (proj_k): Linear(in_features=768, out_features=768, bias=True)
            (proj_v): Linear(in_features=768, out_features=768, bias=True)
            (drop): Dropout(p=0.1, inplace=False)
          )
          (proj): Linear(in_features=768, out_features=768, bias=True)
          (norm1): LayerNorm((768,), eps=1e-06, elementwise_affine=True)
          (pwff): PositionWiseFeedForward(
            (fc1): Linear(in_features=768, out_features=3072, bias=True)
            (fc2): Linear(in_features=3072, out_features=768, bias=True)
          )
          (norm2): LayerNorm((768,), eps=1e-06, elementwise_affine=True)
          (drop): Dropout(p=0.1, inplace=False)
        )
        (1): Block(
          (attn): MultiHeadedSelfAttention(
            (proj_q): Linear(in_features=768, out_features=768, bias=True)
            (proj_k): Linear(in_features=768, out_features=768, bias=True)
            (proj_v): Linear(in_features=768, out_features=768, bias=True)
            (drop): Dropout(p=0.1, inplace=False)
          )
          (proj): Linear(in_features=768, out_features=768, bias=True)
          (norm1): LayerNorm((768,), eps=1e-06, elementwise_affine=True)
          (pwff): PositionWiseFeedForward(
            (fc1): Linear(in_features=768, out_features=3072, bias=True)
            (fc2): Linear(in_features=3072, out_features=768, bias=True)
          )
          (norm2): LayerNorm((768,), eps=1e-06, elementwise_affine=True)
          (drop): Dropout(p=0.1, inplace=False)
        )
        (2): Block(
          (attn): MultiHeadedSelfAttention(
            (proj_q): Linear(in_features=768, out_features=768, bias=True)
            (proj_k): Linear(in_features=768, out_features=768, bias=True)
            (proj_v): Linear(in_features=768, out_features=768, bias=True)
            (drop): Dropout(p=0.1, inplace=False)
          )
          (proj): Linear(in_features=768, out_features=768, bias=True)
          (norm1): LayerNorm((768,), eps=1e-06, elementwise_affine=True)
          (pwff): PositionWiseFeedForward(
            (fc1): Linear(in_features=768, out_features=3072, bias=True)
            (fc2): Linear(in_features=3072, out_features=768, bias=True)
          )
          (norm2): LayerNorm((768,), eps=1e-06, elementwise_affine=True)
          (drop): Dropout(p=0.1, inplace=False)
        )
        (3): Block(
          (attn): MultiHeadedSelfAttention(
            (proj_q): Linear(in_features=768, out_features=768, bias=True)
            (proj_k): Linear(in_features=768, out_features=768, bias=True)
            (proj_v): Linear(in_features=768, out_features=768, bias=True)
            (drop): Dropout(p=0.1, inplace=False)
          )
          (proj): Linear(in_features=768, out_features=768, bias=True)
          (norm1): LayerNorm((768,), eps=1e-06, elementwise_affine=True)
          (pwff): PositionWiseFeedForward(
            (fc1): Linear(in_features=768, out_features=3072, bias=True)
            (fc2): Linear(in_features=3072, out_features=768, bias=True)
          )
          (norm2): LayerNorm((768,), eps=1e-06, elementwise_affine=True)
          (drop): Dropout(p=0.1, inplace=False)
        )
        (4): Block(
          (attn): MultiHeadedSelfAttention(
            (proj_q): Linear(in_features=768, out_features=768, bias=True)
            (proj_k): Linear(in_features=768, out_features=768, bias=True)
            (proj_v): Linear(in_features=768, out_features=768, bias=True)
            (drop): Dropout(p=0.1, inplace=False)
          )
          (proj): Linear(in_features=768, out_features=768, bias=True)
          (norm1): LayerNorm((768,), eps=1e-06, elementwise_affine=True)
          (pwff): PositionWiseFeedForward(
            (fc1): Linear(in_features=768, out_features=3072, bias=True)
            (fc2): Linear(in_features=3072, out_features=768, bias=True)
          )
          (norm2): LayerNorm((768,), eps=1e-06, elementwise_affine=True)
          (drop): Dropout(p=0.1, inplace=False)
        )
        (5): Block(
          (attn): MultiHeadedSelfAttention(
            (proj_q): Linear(in_features=768, out_features=768, bias=True)
            (proj_k): Linear(in_features=768, out_features=768, bias=True)
            (proj_v): Linear(in_features=768, out_features=768, bias=True)
            (drop): Dropout(p=0.1, inplace=False)
          )
          (proj): Linear(in_features=768, out_features=768, bias=True)
          (norm1): LayerNorm((768,), eps=1e-06, elementwise_affine=True)
          (pwff): PositionWiseFeedForward(
            (fc1): Linear(in_features=768, out_features=3072, bias=True)
            (fc2): Linear(in_features=3072, out_features=768, bias=True)
          )
          (norm2): LayerNorm((768,), eps=1e-06, elementwise_affine=True)
          (drop): Dropout(p=0.1, inplace=False)
        )
        (6): Block(
          (attn): MultiHeadedSelfAttention(
            (proj_q): Linear(in_features=768, out_features=768, bias=True)
            (proj_k): Linear(in_features=768, out_features=768, bias=True)
            (proj_v): Linear(in_features=768, out_features=768, bias=True)
            (drop): Dropout(p=0.1, inplace=False)
          )
          (proj): Linear(in_features=768, out_features=768, bias=True)
          (norm1): LayerNorm((768,), eps=1e-06, elementwise_affine=True)
          (pwff): PositionWiseFeedForward(
            (fc1): Linear(in_features=768, out_features=3072, bias=True)
            (fc2): Linear(in_features=3072, out_features=768, bias=True)
          )
          (norm2): LayerNorm((768,), eps=1e-06, elementwise_affine=True)
          (drop): Dropout(p=0.1, inplace=False)
        )
        (7): Block(
          (attn): MultiHeadedSelfAttention(
            (proj_q): Linear(in_features=768, out_features=768, bias=True)
            (proj_k): Linear(in_features=768, out_features=768, bias=True)
            (proj_v): Linear(in_features=768, out_features=768, bias=True)
            (drop): Dropout(p=0.1, inplace=False)
          )
          (proj): Linear(in_features=768, out_features=768, bias=True)
          (norm1): LayerNorm((768,), eps=1e-06, elementwise_affine=True)
          (pwff): PositionWiseFeedForward(
            (fc1): Linear(in_features=768, out_features=3072, bias=True)
            (fc2): Linear(in_features=3072, out_features=768, bias=True)
          )
          (norm2): LayerNorm((768,), eps=1e-06, elementwise_affine=True)
          (drop): Dropout(p=0.1, inplace=False)
        )
        (8): Block(
          (attn): MultiHeadedSelfAttention(
            (proj_q): Linear(in_features=768, out_features=768, bias=True)
            (proj_k): Linear(in_features=768, out_features=768, bias=True)
            (proj_v): Linear(in_features=768, out_features=768, bias=True)
            (drop): Dropout(p=0.1, inplace=False)
          )
          (proj): Linear(in_features=768, out_features=768, bias=True)
          (norm1): LayerNorm((768,), eps=1e-06, elementwise_affine=True)
          (pwff): PositionWiseFeedForward(
            (fc1): Linear(in_features=768, out_features=3072, bias=True)
            (fc2): Linear(in_features=3072, out_features=768, bias=True)
          )
          (norm2): LayerNorm((768,), eps=1e-06, elementwise_affine=True)
          (drop): Dropout(p=0.1, inplace=False)
        )
        (9): Block(
          (attn): MultiHeadedSelfAttention(
            (proj_q): Linear(in_features=768, out_features=768, bias=True)
            (proj_k): Linear(in_features=768, out_features=768, bias=True)
            (proj_v): Linear(in_features=768, out_features=768, bias=True)
            (drop): Dropout(p=0.1, inplace=False)
          )
          (proj): Linear(in_features=768, out_features=768, bias=True)
          (norm1): LayerNorm((768,), eps=1e-06, elementwise_affine=True)
          (pwff): PositionWiseFeedForward(
            (fc1): Linear(in_features=768, out_features=3072, bias=True)
            (fc2): Linear(in_features=3072, out_features=768, bias=True)
          )
          (norm2): LayerNorm((768,), eps=1e-06, elementwise_affine=True)
          (drop): Dropout(p=0.1, inplace=False)
        )
        (10): Block(
          (attn): MultiHeadedSelfAttention(
            (proj_q): Linear(in_features=768, out_features=768, bias=True)
            (proj_k): Linear(in_features=768, out_features=768, bias=True)
            (proj_v): Linear(in_features=768, out_features=768, bias=True)
            (drop): Dropout(p=0.1, inplace=False)
          )
          (proj): Linear(in_features=768, out_features=768, bias=True)
          (norm1): LayerNorm((768,), eps=1e-06, elementwise_affine=True)
          (pwff): PositionWiseFeedForward(
            (fc1): Linear(in_features=768, out_features=3072, bias=True)
            (fc2): Linear(in_features=3072, out_features=768, bias=True)
          )
          (norm2): LayerNorm((768,), eps=1e-06, elementwise_affine=True)
          (drop): Dropout(p=0.1, inplace=False)
        )
        (11): Block(
          (attn): MultiHeadedSelfAttention(
            (proj_q): Linear(in_features=768, out_features=768, bias=True)
            (proj_k): Linear(in_features=768, out_features=768, bias=True)
            (proj_v): Linear(in_features=768, out_features=768, bias=True)
            (drop): Dropout(p=0.1, inplace=False)
          )
          (proj): Linear(in_features=768, out_features=768, bias=True)
          (norm1): LayerNorm((768,), eps=1e-06, elementwise_affine=True)
          (pwff): PositionWiseFeedForward(
            (fc1): Linear(in_features=768, out_features=3072, bias=True)
            (fc2): Linear(in_features=3072, out_features=768, bias=True)
          )
          (norm2): LayerNorm((768,), eps=1e-06, elementwise_affine=True)
          (drop): Dropout(p=0.1, inplace=False)
        )
      )
    )
    (norm): LayerNorm((768,), eps=1e-06, elementwise_affine=True)
    (prompt_proj): Linear(in_features=768, out_features=768, bias=True)
    (prompt_norm): LayerNorm((768,), eps=1e-06, elementwise_affine=True)
    (prompt_dropout): Dropout(p=0.1, inplace=False)
  )
  (decode_head): ATMSingleHeadSeg(
    input_transform=None, ignore_index=255, align_corners=False
    (loss_decode): SegLossPlus(
      (criterion): SegPlusCriterion()
    )
    (dropout): Dropout2d(p=0.1, inplace=False)
    (input_proj_1): Identity()
    (proj_norm_1): Identity()
    (decoder_1): TPN_Decoder(
      (layers): ModuleList(
        (0): TPN_DecoderLayer(
          (self_attn): MultiheadAttention(
            (out_proj): NonDynamicallyQuantizableLinear(in_features=768, out_features=768, bias=True)
          )
          (linear1): Linear(in_features=768, out_features=3072, bias=True)
          (dropout): Dropout(p=0.1, inplace=False)
          (linear2): Linear(in_features=3072, out_features=768, bias=True)
          (norm1): LayerNorm((768,), eps=1e-05, elementwise_affine=True)
          (norm2): LayerNorm((768,), eps=1e-05, elementwise_affine=True)
          (norm3): LayerNorm((768,), eps=1e-05, elementwise_affine=True)
          (dropout1): Dropout(p=0.1, inplace=False)
          (dropout2): Dropout(p=0.1, inplace=False)
          (dropout3): Dropout(p=0.1, inplace=False)
          (multihead_attn): Attention(
            (q): Linear(in_features=768, out_features=768, bias=True)
            (k): Linear(in_features=768, out_features=768, bias=True)
            (v): Linear(in_features=768, out_features=768, bias=True)
            (attn_drop): Dropout(p=0.1, inplace=False)
            (proj): Linear(in_features=768, out_features=768, bias=True)
            (proj_drop): Dropout(p=0.0, inplace=False)
          )
        )
        (1): TPN_DecoderLayer(
          (self_attn): MultiheadAttention(
            (out_proj): NonDynamicallyQuantizableLinear(in_features=768, out_features=768, bias=True)
          )
          (linear1): Linear(in_features=768, out_features=3072, bias=True)
          (dropout): Dropout(p=0.1, inplace=False)
          (linear2): Linear(in_features=3072, out_features=768, bias=True)
          (norm1): LayerNorm((768,), eps=1e-05, elementwise_affine=True)
          (norm2): LayerNorm((768,), eps=1e-05, elementwise_affine=True)
          (norm3): LayerNorm((768,), eps=1e-05, elementwise_affine=True)
          (dropout1): Dropout(p=0.1, inplace=False)
          (dropout2): Dropout(p=0.1, inplace=False)
          (dropout3): Dropout(p=0.1, inplace=False)
          (multihead_attn): Attention(
            (q): Linear(in_features=768, out_features=768, bias=True)
            (k): Linear(in_features=768, out_features=768, bias=True)
            (v): Linear(in_features=768, out_features=768, bias=True)
            (attn_drop): Dropout(p=0.1, inplace=False)
            (proj): Linear(in_features=768, out_features=768, bias=True)
            (proj_drop): Dropout(p=0.0, inplace=False)
          )
        )
        (2): TPN_DecoderLayer(
          (self_attn): MultiheadAttention(
            (out_proj): NonDynamicallyQuantizableLinear(in_features=768, out_features=768, bias=True)
          )
          (linear1): Linear(in_features=768, out_features=3072, bias=True)
          (dropout): Dropout(p=0.1, inplace=False)
          (linear2): Linear(in_features=3072, out_features=768, bias=True)
          (norm1): LayerNorm((768,), eps=1e-05, elementwise_affine=True)
          (norm2): LayerNorm((768,), eps=1e-05, elementwise_affine=True)
          (norm3): LayerNorm((768,), eps=1e-05, elementwise_affine=True)
          (dropout1): Dropout(p=0.1, inplace=False)
          (dropout2): Dropout(p=0.1, inplace=False)
          (dropout3): Dropout(p=0.1, inplace=False)
          (multihead_attn): Attention(
            (q): Linear(in_features=768, out_features=768, bias=True)
            (k): Linear(in_features=768, out_features=768, bias=True)
            (v): Linear(in_features=768, out_features=768, bias=True)
            (attn_drop): Dropout(p=0.1, inplace=False)
            (proj): Linear(in_features=768, out_features=768, bias=True)
            (proj_drop): Dropout(p=0.0, inplace=False)
          )
        )
      )
    )
    (q_proj): Linear(in_features=1536, out_features=768, bias=True)
  )
  init_cfg={'type': 'Normal', 'std': 0.01, 'override': {'name': 'conv_seg'}}
)
2023-09-23 15:01:57,185 - mmseg - INFO - Loaded 2000 images
2023-09-23 15:01:57,191 - mmseg - INFO - Start running, host: ziqin@geovision2, work_dir: /media/data/ziqin/code/FewSegViT/work_dirs/coco
2023-09-23 15:01:57,192 - mmseg - INFO - Hooks will be executed in the following order:
before_run:
(VERY_HIGH   ) PolyLrUpdaterHook                  
(NORMAL      ) CheckpointHook                     
(LOW         ) EvalHook                           
(VERY_LOW    ) TextLoggerHook                     
 -------------------- 
before_train_epoch:
(VERY_HIGH   ) PolyLrUpdaterHook                  
(LOW         ) IterTimerHook                      
(LOW         ) EvalHook                           
(VERY_LOW    ) TextLoggerHook                     
 -------------------- 
before_train_iter:
(VERY_HIGH   ) PolyLrUpdaterHook                  
(LOW         ) IterTimerHook                      
(LOW         ) EvalHook                           
 -------------------- 
after_train_iter:
(ABOVE_NORMAL) OptimizerHook                      
(NORMAL      ) CheckpointHook                     
(LOW         ) IterTimerHook                      
(LOW         ) EvalHook                           
(VERY_LOW    ) TextLoggerHook                     
 -------------------- 
after_train_epoch:
(NORMAL      ) CheckpointHook                     
(LOW         ) EvalHook                           
(VERY_LOW    ) TextLoggerHook                     
 -------------------- 
before_val_epoch:
(LOW         ) IterTimerHook                      
(VERY_LOW    ) TextLoggerHook                     
 -------------------- 
before_val_iter:
(LOW         ) IterTimerHook                      
 -------------------- 
after_val_iter:
(LOW         ) IterTimerHook                      
 -------------------- 
after_val_epoch:
(VERY_LOW    ) TextLoggerHook                     
 -------------------- 
after_run:
(VERY_LOW    ) TextLoggerHook                     
 -------------------- 
2023-09-23 15:01:57,192 - mmseg - INFO - workflow: [('train', 1)], max: 40000 iters
2023-09-23 15:01:57,193 - mmseg - INFO - Checkpoints will be saved to /media/data/ziqin/code/FewSegViT/work_dirs/coco by HardDiskBackend.
